2021-12-08 23:09:30.805  INFO 8480 --- [restartedMain] c.e.spring.SpringProjectApplication      : Starting SpringProjectApplication on LAPTOP-6KR5KCJD with PID 8480 (C:\Users\21696\Desktop\spring11\src\main\webapp\WEB-INF\classes started by 21696 in C:\Users\21696\Desktop\spring11)
2021-12-08 23:09:30.820  INFO 8480 --- [restartedMain] c.e.spring.SpringProjectApplication      : No active profile set, falling back to default profiles: default
2021-12-08 23:09:30.922  INFO 8480 --- [restartedMain] o.s.b.devtools.restart.ChangeableUrls    : The Class-Path manifest attribute in C:\Users\21696\.m2\repository\org\glassfish\jaxb\jaxb-runtime\2.3.2\jaxb-runtime-2.3.2.jar referenced one or more files that do not exist: file:/C:/Users/21696/.m2/repository/org/glassfish/jaxb/jaxb-runtime/2.3.2/jakarta.xml.bind-api-2.3.2.jar,file:/C:/Users/21696/.m2/repository/org/glassfish/jaxb/jaxb-runtime/2.3.2/txw2-2.3.2.jar,file:/C:/Users/21696/.m2/repository/org/glassfish/jaxb/jaxb-runtime/2.3.2/istack-commons-runtime-3.0.8.jar,file:/C:/Users/21696/.m2/repository/org/glassfish/jaxb/jaxb-runtime/2.3.2/stax-ex-1.8.1.jar,file:/C:/Users/21696/.m2/repository/org/glassfish/jaxb/jaxb-runtime/2.3.2/FastInfoset-1.2.16.jar,file:/C:/Users/21696/.m2/repository/org/glassfish/jaxb/jaxb-runtime/2.3.2/jakarta.activation-api-1.2.1.jar
2021-12-08 23:09:30.925  INFO 8480 --- [restartedMain] .e.DevToolsPropertyDefaultsPostProcessor : Devtools property defaults active! Set 'spring.devtools.add-properties' to 'false' to disable
2021-12-08 23:09:30.927  INFO 8480 --- [restartedMain] .e.DevToolsPropertyDefaultsPostProcessor : For additional web related logging consider setting the 'logging.level.web' property to 'DEBUG'
2021-12-08 23:09:32.088  INFO 8480 --- [restartedMain] .s.d.r.c.RepositoryConfigurationDelegate : Bootstrapping Spring Data repositories in DEFAULT mode.
2021-12-08 23:09:32.240  INFO 8480 --- [restartedMain] .s.d.r.c.RepositoryConfigurationDelegate : Finished Spring Data repository scanning in 133ms. Found 4 repository interfaces.
2021-12-08 23:09:32.850  INFO 8480 --- [restartedMain] trationDelegate$BeanPostProcessorChecker : Bean 'org.springframework.transaction.annotation.ProxyTransactionManagementConfiguration' of type [org.springframework.transaction.annotation.ProxyTransactionManagementConfiguration] is not eligible for getting processed by all BeanPostProcessors (for example: not eligible for auto-proxying)
2021-12-08 23:09:34.024  INFO 8480 --- [restartedMain] o.s.b.w.embedded.tomcat.TomcatWebServer  : Tomcat initialized with port(s): 8081 (http)
2021-12-08 23:09:34.056  INFO 8480 --- [restartedMain] o.apache.catalina.core.StandardService   : Starting service [Tomcat]
2021-12-08 23:09:34.057  INFO 8480 --- [restartedMain] org.apache.catalina.core.StandardEngine  : Starting Servlet engine: [Apache Tomcat/9.0.27]
2021-12-08 23:09:34.575  INFO 8480 --- [restartedMain] org.apache.jasper.servlet.TldScanner     : At least one JAR was scanned for TLDs yet contained no TLDs. Enable debug logging for this logger for a complete list of JARs that were scanned but no TLDs were found in them. Skipping unneeded JARs during scanning can improve startup time and JSP compilation time.
2021-12-08 23:09:34.604  INFO 8480 --- [restartedMain] o.a.c.c.C.[.[localhost].[/SpringMVC]     : Initializing Spring embedded WebApplicationContext
2021-12-08 23:09:34.606  INFO 8480 --- [restartedMain] o.s.web.context.ContextLoader            : Root WebApplicationContext: initialization completed in 3678 ms
2021-12-08 23:09:34.862  INFO 8480 --- [restartedMain] .a.m.c.DefaultFacesConfigurationProvider : Reading standard config META-INF/standard-faces-config.xml
2021-12-08 23:09:35.056  INFO 8480 --- [restartedMain] .a.m.c.DefaultFacesConfigurationProvider : Reading config /WEB-INF/faces-config.xml
2021-12-08 23:09:35.544  INFO 8480 --- [restartedMain] .a.m.c.DefaultFacesConfigurationProvider : Reading config : jar:file:/C:/Users/21696/.m2/repository/org/ocpsoft/rewrite/rewrite-integration-faces/3.4.1.Final/rewrite-integration-faces-3.4.1.Final.jar!/META-INF/faces-config.xml
2021-12-08 23:09:35.548  INFO 8480 --- [restartedMain] .a.m.c.DefaultFacesConfigurationProvider : Reading config : jar:file:/C:/Users/21696/.m2/repository/org/primefaces/primefaces/6.1/primefaces-6.1.jar!/META-INF/faces-config.xml
2021-12-08 23:09:35.749  INFO 8480 --- [restartedMain] o.apache.myfaces.config.LogMetaInfUtils  : Artifact 'myfaces-api' was found in version '2.2.12' from path 'file:/C:/Users/21696/.m2/repository/org/apache/myfaces/core/myfaces-api/2.2.12/myfaces-api-2.2.12.jar'
2021-12-08 23:09:35.750  INFO 8480 --- [restartedMain] o.apache.myfaces.config.LogMetaInfUtils  : Artifact 'myfaces-impl' was found in version '2.2.12' from path 'file:/C:/Users/21696/.m2/repository/org/apache/myfaces/core/myfaces-impl/2.2.12/myfaces-impl-2.2.12.jar'
2021-12-08 23:09:35.767  INFO 8480 --- [restartedMain] o.a.myfaces.util.ExternalSpecifications  : MyFaces CDI support disabled
2021-12-08 23:09:35.771  INFO 8480 --- [restartedMain] .a.m.s.i.DefaultInjectionProviderFactory : Using InjectionProvider org.apache.myfaces.spi.impl.Tomcat7AnnotationInjectionProvider
2021-12-08 23:09:35.866  INFO 8480 --- [restartedMain] o.a.myfaces.util.ExternalSpecifications  : MyFaces Bean Validation support enabled
2021-12-08 23:09:36.363  INFO 8480 --- [restartedMain] unknown.jul.logger                       : RewritePhaseListener starting up.
2021-12-08 23:09:36.365  INFO 8480 --- [restartedMain] o.a.myfaces.application.ApplicationImpl  : Couldn't discover the current project stage, using Production
2021-12-08 23:09:36.368  INFO 8480 --- [restartedMain] o.a.myfaces.config.FacesConfigurator     : Serialization provider : class org.apache.myfaces.shared_impl.util.serial.DefaultSerialFactory
2021-12-08 23:09:36.380  INFO 8480 --- [restartedMain] .a.m.c.a.DefaultLifecycleProviderFactory : Using LifecycleProvider org.apache.myfaces.config.annotation.Tomcat7AnnotationLifecycleProvider
2021-12-08 23:09:36.509  INFO 8480 --- [restartedMain] .w.PostConstructApplicationEventListener : Running on PrimeFaces 6.1
2021-12-08 23:09:36.511  INFO 8480 --- [restartedMain] o.a.m.webapp.AbstractFacesInitializer    : ServletContext initialized.
2021-12-08 23:09:36.520  INFO 8480 --- [restartedMain] o.a.m.webapp.WebConfigParamsLogger       : Tomahawk jar not available. Autoscrolling, DetectJavascript, AddResourceClass and CheckExtensionsFilter are disabled now.
2021-12-08 23:09:36.521  INFO 8480 --- [restartedMain] o.a.m.webapp.WebConfigParamsLogger       : Scanning for context init parameters not defined. It is not necessary to define them all into your web.xml, they are just provided here for informative purposes. To disable this messages set org.apache.myfaces.LOG_WEB_CONTEXT_PARAMS config param to 'false'
2021-12-08 23:09:36.524  INFO 8480 --- [restartedMain] o.a.m.webapp.WebConfigParamsLogger       : No context init parameter 'javax.faces.RESOURCE_EXCLUDES' found, using default value '.class .jsp .jspx .properties .xhtml .groovy'.
2021-12-08 23:09:36.526  INFO 8480 --- [restartedMain] o.a.m.webapp.WebConfigParamsLogger       : No context init parameter 'javax.faces.STATE_SAVING_METHOD' found, using default value 'server'.
2021-12-08 23:09:36.528  INFO 8480 --- [restartedMain] o.a.m.webapp.WebConfigParamsLogger       : No context init parameter 'javax.faces.FULL_STATE_SAVING_VIEW_IDS' found.
2021-12-08 23:09:36.530  INFO 8480 --- [restartedMain] o.a.m.webapp.WebConfigParamsLogger       : No context init parameter 'javax.faces.PARTIAL_STATE_SAVING' found, using default value 'true (false with 1.2 webapps)'.
2021-12-08 23:09:36.532  INFO 8480 --- [restartedMain] o.a.m.webapp.WebConfigParamsLogger       : No context init parameter 'javax.faces.SERIALIZE_SERVER_STATE' found, using default value 'false'.
2021-12-08 23:09:36.534  INFO 8480 --- [restartedMain] o.a.m.webapp.WebConfigParamsLogger       : No context init parameter 'javax.faces.DEFAULT_SUFFIX' found, using default value '.xhtml .view.xml .jsp'.
2021-12-08 23:09:36.536  INFO 8480 --- [restartedMain] o.a.m.webapp.WebConfigParamsLogger       : No context init parameter 'javax.faces.FACELETS_SUFFIX' found, using default value '.xhtml'.
2021-12-08 23:09:36.537  INFO 8480 --- [restartedMain] o.a.m.webapp.WebConfigParamsLogger       : No context init parameter 'javax.faces.FACELETS_VIEW_MAPPINGS' found.
2021-12-08 23:09:36.539  INFO 8480 --- [restartedMain] o.a.m.webapp.WebConfigParamsLogger       : No context init parameter 'DISABLE_FACELET_JSF_VIEWHANDLER' found.
2021-12-08 23:09:36.540  INFO 8480 --- [restartedMain] o.a.m.webapp.WebConfigParamsLogger       : No context init parameter 'javax.faces.FACELETS_BUFFER_SIZE' found, using default value '1024'.
2021-12-08 23:09:36.541  INFO 8480 --- [restartedMain] o.a.m.webapp.WebConfigParamsLogger       : No context init parameter 'javax.faces.FACELETS_DECORATORS' found.
2021-12-08 23:09:36.542  INFO 8480 --- [restartedMain] o.a.m.webapp.WebConfigParamsLogger       : No context init parameter 'javax.faces.FACELETS_LIBRARIES' found.
2021-12-08 23:09:36.544  INFO 8480 --- [restartedMain] o.a.m.webapp.WebConfigParamsLogger       : No context init parameter 'javax.faces.FACELETS_REFRESH_PERIOD' found, using default value '-1'.
2021-12-08 23:09:36.544  INFO 8480 --- [restartedMain] o.a.m.webapp.WebConfigParamsLogger       : No context init parameter 'javax.faces.FACELETS_SKIP_COMMENTS' found.
2021-12-08 23:09:36.545  INFO 8480 --- [restartedMain] o.a.m.webapp.WebConfigParamsLogger       : No context init parameter 'javax.faces.HONOR_CURRENT_COMPONENT_ATTRIBUTES' found, using default value 'false'.
2021-12-08 23:09:36.547  INFO 8480 --- [restartedMain] o.a.m.webapp.WebConfigParamsLogger       : No context init parameter 'javax.faces.VALIDATE_EMPTY_FIELDS' found, using default value 'auto'.
2021-12-08 23:09:36.547  INFO 8480 --- [restartedMain] o.a.m.webapp.WebConfigParamsLogger       : No context init parameter 'javax.faces.INTERPRET_EMPTY_STRING_SUBMITTED_VALUES_AS_NULL' found, using default value 'false'.
2021-12-08 23:09:36.548  INFO 8480 --- [restartedMain] o.a.m.webapp.WebConfigParamsLogger       : No context init parameter 'javax.faces.DATETIMECONVERTER_DEFAULT_TIMEZONE_IS_SYSTEM_TIMEZONE' found, using default value 'false'.
2021-12-08 23:09:36.550  INFO 8480 --- [restartedMain] o.a.m.webapp.WebConfigParamsLogger       : No context init parameter 'org.apache.myfaces.ENUM_CONVERTER_ALLOW_STRING_PASSTROUGH' found, using default value 'false'.
2021-12-08 23:09:36.552  INFO 8480 --- [restartedMain] o.a.m.webapp.WebConfigParamsLogger       : No context init parameter 'javax.faces.validator.DISABLE_DEFAULT_BEAN_VALIDATOR' found, using default value 'true'.
2021-12-08 23:09:36.553  INFO 8480 --- [restartedMain] o.a.m.webapp.WebConfigParamsLogger       : No context init parameter 'javax.faces.CONFIG_FILES' found.
2021-12-08 23:09:36.555  INFO 8480 --- [restartedMain] o.a.m.webapp.WebConfigParamsLogger       : No context init parameter 'javax.faces.LIFECYCLE_ID' found.
2021-12-08 23:09:36.555  INFO 8480 --- [restartedMain] o.a.m.webapp.WebConfigParamsLogger       : No context init parameter 'org.apache.myfaces.ERROR_HANDLER' found.
2021-12-08 23:09:36.556  INFO 8480 --- [restartedMain] o.a.m.webapp.WebConfigParamsLogger       : No context init parameter 'org.apache.myfaces.CHECKED_VIEWID_CACHE_SIZE' found, using default value '500'.
2021-12-08 23:09:36.557  INFO 8480 --- [restartedMain] o.a.m.webapp.WebConfigParamsLogger       : No context init parameter 'org.apache.myfaces.CHECKED_VIEWID_CACHE_ENABLED' found, using default value 'true'.
2021-12-08 23:09:36.558  INFO 8480 --- [restartedMain] o.a.m.webapp.WebConfigParamsLogger       : No context init parameter 'org.apache.myfaces.PRETTY_HTML' found, using default value 'true'.
2021-12-08 23:09:36.559  INFO 8480 --- [restartedMain] o.a.m.webapp.WebConfigParamsLogger       : No context init parameter 'org.apache.myfaces.ALLOW_JAVASCRIPT' found, using default value 'true'.
2021-12-08 23:09:36.560  INFO 8480 --- [restartedMain] o.a.m.webapp.WebConfigParamsLogger       : No context init parameter 'org.apache.myfaces.CONFIG_REFRESH_PERIOD' found, using default value '2'.
2021-12-08 23:09:36.561  INFO 8480 --- [restartedMain] o.a.m.webapp.WebConfigParamsLogger       : No context init parameter 'org.apache.myfaces.VIEWSTATE_JAVASCRIPT' found, using default value 'false'.
2021-12-08 23:09:36.562  INFO 8480 --- [restartedMain] o.a.m.webapp.WebConfigParamsLogger       : No context init parameter 'org.apache.myfaces.RENDER_VIEWSTATE_ID' found, using default value 'true'.
2021-12-08 23:09:36.563  INFO 8480 --- [restartedMain] o.a.m.webapp.WebConfigParamsLogger       : No context init parameter 'org.apache.myfaces.STRICT_XHTML_LINKS' found, using default value 'true'.
2021-12-08 23:09:36.564  INFO 8480 --- [restartedMain] o.a.m.webapp.WebConfigParamsLogger       : No context init parameter 'org.apache.myfaces.RENDER_CLEAR_JAVASCRIPT_FOR_BUTTON' found, using default value 'false'.
2021-12-08 23:09:36.564  INFO 8480 --- [restartedMain] o.a.m.webapp.WebConfigParamsLogger       : No context init parameter 'org.apache.myfaces.RENDER_HIDDEN_FIELDS_FOR_LINK_PARAMS' found, using default value 'false'.
2021-12-08 23:09:36.565  INFO 8480 --- [restartedMain] o.a.m.webapp.WebConfigParamsLogger       : No context init parameter 'org.apache.myfaces.SAVE_FORM_SUBMIT_LINK_IE' found, using default value 'false'.
2021-12-08 23:09:36.566  INFO 8480 --- [restartedMain] o.a.m.webapp.WebConfigParamsLogger       : No context init parameter 'org.apache.myfaces.DELEGATE_FACES_SERVLET' found.
2021-12-08 23:09:36.567  INFO 8480 --- [restartedMain] o.a.m.webapp.WebConfigParamsLogger       : No context init parameter 'org.apache.myfaces.REFRESH_TRANSIENT_BUILD_ON_PSS' found, using default value 'auto'.
2021-12-08 23:09:36.568  INFO 8480 --- [restartedMain] o.a.m.webapp.WebConfigParamsLogger       : No context init parameter 'org.apache.myfaces.REFRESH_TRANSIENT_BUILD_ON_PSS_PRESERVE_STATE' found, using default value 'false'.
2021-12-08 23:09:36.569  INFO 8480 --- [restartedMain] o.a.m.webapp.WebConfigParamsLogger       : No context init parameter 'org.apache.myfaces.VALIDATE_XML' found.
2021-12-08 23:09:36.570  INFO 8480 --- [restartedMain] o.a.m.webapp.WebConfigParamsLogger       : No context init parameter 'org.apache.myfaces.WRAP_SCRIPT_CONTENT_WITH_XML_COMMENT_TAG' found, using default value 'false'.
2021-12-08 23:09:36.571  INFO 8480 --- [restartedMain] o.a.m.webapp.WebConfigParamsLogger       : No context init parameter 'org.apache.myfaces.RENDER_FORM_SUBMIT_SCRIPT_INLINE' found, using default value 'false'.
2021-12-08 23:09:36.573  INFO 8480 --- [restartedMain] o.a.m.webapp.WebConfigParamsLogger       : No context init parameter 'org.apache.myfaces.DEBUG_PHASE_LISTENER' found.
2021-12-08 23:09:36.573  INFO 8480 --- [restartedMain] o.a.m.webapp.WebConfigParamsLogger       : No context init parameter 'org.apache.myfaces.STRICT_JSF_2_REFRESH_TARGET_AJAX' found, using default value 'false'.
2021-12-08 23:09:36.575  INFO 8480 --- [restartedMain] o.a.m.webapp.WebConfigParamsLogger       : No context init parameter 'org.apache.myfaces.STRICT_JSF_2_CC_EL_RESOLVER' found, using default value 'false'.
2021-12-08 23:09:36.575  INFO 8480 --- [restartedMain] o.a.m.webapp.WebConfigParamsLogger       : No context init parameter 'org.apache.myfaces.DEFAULT_RESPONSE_WRITER_CONTENT_TYPE_MODE' found, using default value 'text/html'.
2021-12-08 23:09:36.576  INFO 8480 --- [restartedMain] o.a.m.webapp.WebConfigParamsLogger       : No context init parameter 'org.apache.myfaces.VIEW_UNIQUE_IDS_CACHE_ENABLED' found, using default value 'true'.
2021-12-08 23:09:36.577  INFO 8480 --- [restartedMain] o.a.m.webapp.WebConfigParamsLogger       : No context init parameter 'org.apache.myfaces.COMPONENT_UNIQUE_IDS_CACHE_SIZE' found, using default value '100'.
2021-12-08 23:09:36.578  INFO 8480 --- [restartedMain] o.a.m.webapp.WebConfigParamsLogger       : No context init parameter 'org.apache.myfaces.SUPPORT_JSP_AND_FACES_EL' found, using default value 'true'.
2021-12-08 23:09:36.579  INFO 8480 --- [restartedMain] o.a.m.webapp.WebConfigParamsLogger       : No context init parameter 'org.apache.myfaces.GAE_JSF_JAR_FILES' found.
2021-12-08 23:09:36.580  INFO 8480 --- [restartedMain] o.a.m.webapp.WebConfigParamsLogger       : No context init parameter 'org.apache.myfaces.GAE_JSF_ANNOTATIONS_JAR_FILES' found.
2021-12-08 23:09:36.581  INFO 8480 --- [restartedMain] o.a.m.webapp.WebConfigParamsLogger       : No context init parameter 'org.apache.myfaces.STRICT_JSF_2_VIEW_NOT_FOUND' found, using default value 'false'.
2021-12-08 23:09:36.582  INFO 8480 --- [restartedMain] o.a.m.webapp.WebConfigParamsLogger       : No context init parameter 'org.apache.myfaces.EARLY_FLUSH_ENABLED' found, using default value 'false'.
2021-12-08 23:09:36.582  INFO 8480 --- [restartedMain] o.a.m.webapp.WebConfigParamsLogger       : No context init parameter 'org.apache.myfaces.CDI_MANAGED_CONVERTERS_ENABLED' found, using default value 'false'.
2021-12-08 23:09:36.583  INFO 8480 --- [restartedMain] o.a.m.webapp.WebConfigParamsLogger       : No context init parameter 'org.apache.myfaces.CDI_MANAGED_VALIDATORS_ENABLED' found, using default value 'false'.
2021-12-08 23:09:36.584  INFO 8480 --- [restartedMain] o.a.m.webapp.WebConfigParamsLogger       : No context init parameter 'org.apache.myfaces.STRICT_JSF_2_FACELETS_COMPATIBILITY' found, using default value 'false'.
2021-12-08 23:09:36.585  INFO 8480 --- [restartedMain] o.a.m.webapp.WebConfigParamsLogger       : No context init parameter 'org.apache.myfaces.RENDER_FORM_VIEW_STATE_AT_BEGIN' found, using default value 'false'.
2021-12-08 23:09:36.586  INFO 8480 --- [restartedMain] o.a.m.webapp.WebConfigParamsLogger       : No context init parameter 'org.apache.myfaces.FLASH_SCOPE_DISABLED' found, using default value 'false'.
2021-12-08 23:09:36.587  INFO 8480 --- [restartedMain] o.a.m.webapp.WebConfigParamsLogger       : No context init parameter 'org.apache.myfaces.NUMBER_OF_VIEWS_IN_SESSION' found, using default value '20'.
2021-12-08 23:09:36.588  INFO 8480 --- [restartedMain] o.a.m.webapp.WebConfigParamsLogger       : No context init parameter 'org.apache.myfaces.NUMBER_OF_SEQUENTIAL_VIEWS_IN_SESSION' found, using default value '4'.
2021-12-08 23:09:36.589  INFO 8480 --- [restartedMain] o.a.m.webapp.WebConfigParamsLogger       : No context init parameter 'org.apache.myfaces.NUMBER_OF_FLASH_TOKENS_IN_SESSION' found.
2021-12-08 23:09:36.590  INFO 8480 --- [restartedMain] o.a.m.webapp.WebConfigParamsLogger       : No context init parameter 'org.apache.myfaces.FACES_FLOW_CLIENT_WINDOW_IDS_IN_SESSION' found.
2021-12-08 23:09:36.591  INFO 8480 --- [restartedMain] o.a.m.webapp.WebConfigParamsLogger       : No context init parameter 'org.apache.myfaces.SUPPORT_EL_3_IMPORT_HANDLER' found, using default value 'false'.
2021-12-08 23:09:36.592  INFO 8480 --- [restartedMain] o.a.m.webapp.WebConfigParamsLogger       : No context init parameter 'org.apache.myfaces.RESOURCE_MAX_TIME_EXPIRES' found, using default value '604800000'.
2021-12-08 23:09:36.592  INFO 8480 --- [restartedMain] o.a.m.webapp.WebConfigParamsLogger       : No context init parameter 'org.apache.myfaces.RESOURCE_HANDLER_CACHE_SIZE' found, using default value '500'.
2021-12-08 23:09:36.593  INFO 8480 --- [restartedMain] o.a.m.webapp.WebConfigParamsLogger       : No context init parameter 'org.apache.myfaces.RESOURCE_HANDLER_CACHE_ENABLED' found, using default value 'true'.
2021-12-08 23:09:36.594  INFO 8480 --- [restartedMain] o.a.m.webapp.WebConfigParamsLogger       : No context init parameter 'org.apache.myfaces.USE_ENCRYPTION' found, using default value 'true'.
2021-12-08 23:09:36.595  INFO 8480 --- [restartedMain] o.a.m.webapp.WebConfigParamsLogger       : No context init parameter 'org.apache.myfaces.SECRET' found.
2021-12-08 23:09:36.596  INFO 8480 --- [restartedMain] o.a.m.webapp.WebConfigParamsLogger       : No context init parameter 'org.apache.myfaces.ALGORITHM' found, using default value 'DES'.
2021-12-08 23:09:36.597  INFO 8480 --- [restartedMain] o.a.m.webapp.WebConfigParamsLogger       : No context init parameter 'org.apache.myfaces.SECRET.CACHE' found.
2021-12-08 23:09:36.598  INFO 8480 --- [restartedMain] o.a.m.webapp.WebConfigParamsLogger       : No context init parameter 'org.apache.myfaces.ALGORITHM.IV' found.
2021-12-08 23:09:36.599  INFO 8480 --- [restartedMain] o.a.m.webapp.WebConfigParamsLogger       : No context init parameter 'org.apache.myfaces.ALGORITHM.PARAMETERS' found, using default value 'ECB/PKCS5Padding'.
2021-12-08 23:09:36.600  INFO 8480 --- [restartedMain] o.a.m.webapp.WebConfigParamsLogger       : No context init parameter 'org.apache.myfaces.SERIAL_FACTORY' found.
2021-12-08 23:09:36.601  INFO 8480 --- [restartedMain] o.a.m.webapp.WebConfigParamsLogger       : No context init parameter 'org.apache.myfaces.COMPRESS_STATE_IN_CLIENT' found, using default value 'false'.
2021-12-08 23:09:36.604  INFO 8480 --- [restartedMain] o.a.m.webapp.WebConfigParamsLogger       : No context init parameter 'org.apache.myfaces.MAC_ALGORITHM' found, using default value 'HmacSHA1'.
2021-12-08 23:09:36.605  INFO 8480 --- [restartedMain] o.a.m.webapp.WebConfigParamsLogger       : No context init parameter 'org.apache.myfaces.MAC_SECRET' found.
2021-12-08 23:09:36.606  INFO 8480 --- [restartedMain] o.a.m.webapp.WebConfigParamsLogger       : No context init parameter 'org.apache.myfaces.MAC_SECRET.CACHE' found.
2021-12-08 23:09:36.606  INFO 8480 --- [restartedMain] o.a.m.webapp.WebConfigParamsLogger       : No context init parameter 'javax.faces.PROJECT_STAGE' found, using default value 'Production'.
2021-12-08 23:09:36.607  INFO 8480 --- [restartedMain] o.a.m.webapp.WebConfigParamsLogger       : No context init parameter 'org.apache.myfaces.LAZY_LOAD_CONFIG_OBJECTS' found, using default value 'true'.
2021-12-08 23:09:36.608  INFO 8480 --- [restartedMain] o.a.m.webapp.WebConfigParamsLogger       : No context init parameter 'org.apache.myfaces.STRICT_JSF_2_ALLOW_SLASH_LIBRARY_NAME' found, using default value 'false'.
2021-12-08 23:09:36.608  INFO 8480 --- [restartedMain] o.a.m.webapp.WebConfigParamsLogger       : No context init parameter 'org.apache.myfaces.RESOURCE_BUFFER_SIZE' found, using default value '2048'.
2021-12-08 23:09:36.609  INFO 8480 --- [restartedMain] o.a.m.webapp.WebConfigParamsLogger       : No context init parameter 'org.apache.myfaces.RANDOM_KEY_IN_CSRF_SESSION_TOKEN' found, using default value 'none'.
2021-12-08 23:09:36.610  INFO 8480 --- [restartedMain] o.a.m.webapp.WebConfigParamsLogger       : No context init parameter 'org.apache.myfaces.RANDOM_KEY_IN_CSRF_SESSION_TOKEN_LENGTH' found, using default value '16'.
2021-12-08 23:09:36.611  INFO 8480 --- [restartedMain] o.a.m.webapp.WebConfigParamsLogger       : No context init parameter 'org.apache.myfaces.RANDOM_KEY_IN_CSRF_SESSION_TOKEN_SECURE_RANDOM_CLASS' found.
2021-12-08 23:09:36.611  INFO 8480 --- [restartedMain] o.a.m.webapp.WebConfigParamsLogger       : No context init parameter 'org.apache.myfaces.RANDOM_KEY_IN_CSRF_SESSION_TOKEN_SECURE_RANDOM_PROVIDER' found.
2021-12-08 23:09:36.612  INFO 8480 --- [restartedMain] o.a.m.webapp.WebConfigParamsLogger       : No context init parameter 'org.apache.myfaces.RANDOM_KEY_IN_CSRF_SESSION_TOKEN_SECURE_RANDOM_ALGORITM' found, using default value 'SHA1PRNG'.
2021-12-08 23:09:36.613  INFO 8480 --- [restartedMain] o.a.m.webapp.WebConfigParamsLogger       : No context init parameter 'org.apache.myfaces.CLIENT_VIEW_STATE_TIMEOUT' found, using default value '0'.
2021-12-08 23:09:36.615  INFO 8480 --- [restartedMain] o.a.m.webapp.WebConfigParamsLogger       : No context init parameter 'org.apache.myfaces.SERIALIZE_STATE_IN_SESSION' found, using default value 'false'.
2021-12-08 23:09:36.616  INFO 8480 --- [restartedMain] o.a.m.webapp.WebConfigParamsLogger       : No context init parameter 'org.apache.myfaces.COMPRESS_STATE_IN_SESSION' found, using default value 'true'.
2021-12-08 23:09:36.617  INFO 8480 --- [restartedMain] o.a.m.webapp.WebConfigParamsLogger       : No context init parameter 'org.apache.myfaces.CACHE_OLD_VIEWS_IN_SESSION_MODE' found, using default value 'off'.
2021-12-08 23:09:36.618  INFO 8480 --- [restartedMain] o.a.m.webapp.WebConfigParamsLogger       : No context init parameter 'org.apache.myfaces.USE_FLASH_SCOPE_PURGE_VIEWS_IN_SESSION' found, using default value 'false'.
2021-12-08 23:09:36.618  INFO 8480 --- [restartedMain] o.a.m.webapp.WebConfigParamsLogger       : No context init parameter 'org.apache.myfaces.RANDOM_KEY_IN_VIEW_STATE_SESSION_TOKEN' found, using default value 'none'.
2021-12-08 23:09:36.619  INFO 8480 --- [restartedMain] o.a.m.webapp.WebConfigParamsLogger       : No context init parameter 'org.apache.myfaces.RANDOM_KEY_IN_VIEW_STATE_SESSION_TOKEN_LENGTH' found, using default value '8'.
2021-12-08 23:09:36.620  INFO 8480 --- [restartedMain] o.a.m.webapp.WebConfigParamsLogger       : No context init parameter 'org.apache.myfaces.RANDOM_KEY_IN_VIEW_STATE_SESSION_TOKEN_SECURE_RANDOM_CLASS' found.
2021-12-08 23:09:36.621  INFO 8480 --- [restartedMain] o.a.m.webapp.WebConfigParamsLogger       : No context init parameter 'org.apache.myfaces.RANDOM_KEY_IN_VIEW_STATE_SESSION_TOKEN_SECURE_RANDOM_PROVIDER' found.
2021-12-08 23:09:36.621  INFO 8480 --- [restartedMain] o.a.m.webapp.WebConfigParamsLogger       : No context init parameter 'org.apache.myfaces.RANDOM_KEY_IN_VIEW_STATE_SESSION_TOKEN_SECURE_RANDOM_ALGORITM' found, using default value 'SHA1PRNG'.
2021-12-08 23:09:36.622  INFO 8480 --- [restartedMain] o.a.m.webapp.WebConfigParamsLogger       : No context init parameter 'facelets.LIBRARIES' found.
2021-12-08 23:09:36.623  INFO 8480 --- [restartedMain] o.a.m.webapp.WebConfigParamsLogger       : No context init parameter 'org.apache.myfaces.VALIDATE' found, using default value 'false'.
2021-12-08 23:09:36.624  INFO 8480 --- [restartedMain] o.a.m.webapp.WebConfigParamsLogger       : No context init parameter 'org.apache.myfaces.annotation.USE_CDI_FOR_ANNOTATION_SCANNING' found.
2021-12-08 23:09:36.624  INFO 8480 --- [restartedMain] o.a.m.webapp.WebConfigParamsLogger       : No context init parameter 'org.apache.myfaces.annotation.SCAN_PACKAGES' found.
2021-12-08 23:09:36.625  INFO 8480 --- [restartedMain] o.a.m.webapp.WebConfigParamsLogger       : No context init parameter 'org.apache.myfaces.config.annotation.LifecycleProvider' found.
2021-12-08 23:09:36.626  INFO 8480 --- [restartedMain] o.a.m.webapp.WebConfigParamsLogger       : No context init parameter 'org.apache.myfaces.INITIALIZE_SKIP_JAR_FACES_CONFIG_SCAN' found, using default value 'false'.
2021-12-08 23:09:36.628  INFO 8480 --- [restartedMain] o.a.m.webapp.WebConfigParamsLogger       : No context init parameter 'org.apache.myfaces.EL_RESOLVER_COMPARATOR' found.
2021-12-08 23:09:36.628  INFO 8480 --- [restartedMain] o.a.m.webapp.WebConfigParamsLogger       : No context init parameter 'org.apache.myfaces.EL_RESOLVER_PREDICATE' found.
2021-12-08 23:09:36.630  INFO 8480 --- [restartedMain] o.a.m.webapp.WebConfigParamsLogger       : No context init parameter 'org.apache.myfaces.DEFAULT_WINDOW_MODE' found, using default value 'url'.
2021-12-08 23:09:36.630  INFO 8480 --- [restartedMain] o.a.m.webapp.WebConfigParamsLogger       : No context init parameter 'org.apache.myfaces.CHECKED_VIEWID_CACHE_SIZE' found, using default value '500'.
2021-12-08 23:09:36.631  INFO 8480 --- [restartedMain] o.a.m.webapp.WebConfigParamsLogger       : No context init parameter 'org.apache.myfaces.CHECKED_VIEWID_CACHE_ENABLED' found, using default value 'true'.
2021-12-08 23:09:36.632  INFO 8480 --- [restartedMain] o.a.m.webapp.WebConfigParamsLogger       : No context init parameter 'org.apache.myfaces.ERROR_TEMPLATE_RESOURCE' found, using default value 'META-INF/rsc/myfaces-dev-error.xml'.
2021-12-08 23:09:36.633  INFO 8480 --- [restartedMain] o.a.m.webapp.WebConfigParamsLogger       : No context init parameter 'org.apache.myfaces.DEBUG_TEMPLATE_RESOURCE' found, using default value 'META-INF/rsc/myfaces-dev-debug.xml'.
2021-12-08 23:09:36.633  INFO 8480 --- [restartedMain] o.a.m.webapp.WebConfigParamsLogger       : No context init parameter 'org.apache.myfaces.ERROR_HANDLING' found, using default value 'false, on Development Project stage: true'.
2021-12-08 23:09:36.634  INFO 8480 --- [restartedMain] o.a.m.webapp.WebConfigParamsLogger       : No context init parameter 'org.apache.myfaces.HANDLE_STATE_CACHING_MECHANICS' found, using default value 'true'.
2021-12-08 23:09:36.635  INFO 8480 --- [restartedMain] o.a.m.webapp.WebConfigParamsLogger       : No context init parameter 'org.apache.myfaces.AUTOCOMPLETE_OFF_VIEW_STATE' found, using default value 'true'.
2021-12-08 23:09:36.636  INFO 8480 --- [restartedMain] o.a.m.webapp.WebConfigParamsLogger       : No context init parameter 'org.apache.myfaces.USE_MULTIPLE_JS_FILES_FOR_JSF_UNCOMPRESSED_JS' found, using default value 'false'.
2021-12-08 23:09:36.637  INFO 8480 --- [restartedMain] o.a.m.webapp.WebConfigParamsLogger       : No context init parameter 'org.apache.myfaces.JSF_JS_MODE' found, using default value 'normal'.
2021-12-08 23:09:36.637  INFO 8480 --- [restartedMain] o.a.m.webapp.WebConfigParamsLogger       : No context init parameter 'org.apache.myfaces.TEMPORAL_RESOURCEHANDLER_CACHE_ENABLED' found, using default value 'false'.
2021-12-08 23:09:36.638  INFO 8480 --- [restartedMain] o.a.m.webapp.WebConfigParamsLogger       : No context init parameter 'org.apache.myfaces.SERVICE_PROVIDER_FINDER' found.
2021-12-08 23:09:36.639  INFO 8480 --- [restartedMain] o.a.m.webapp.WebConfigParamsLogger       : No context init parameter 'org.apache.myfaces.spi.InjectionProvider' found.
2021-12-08 23:09:36.640  INFO 8480 --- [restartedMain] o.a.m.webapp.WebConfigParamsLogger       : No context init parameter 'javax.faces.DISABLE_FACELET_JSF_VIEWHANDLER' found, using default value 'false'.
2021-12-08 23:09:36.640  INFO 8480 --- [restartedMain] o.a.m.webapp.WebConfigParamsLogger       : No context init parameter 'org.apache.myfaces.SAVE_STATE_WITH_VISIT_TREE_ON_PSS' found, using default value 'true'.
2021-12-08 23:09:36.641  INFO 8480 --- [restartedMain] o.a.m.webapp.WebConfigParamsLogger       : No context init parameter 'org.apache.myfaces.CHECK_ID_PRODUCTION_MODE' found, using default value 'auto'.
2021-12-08 23:09:36.642  INFO 8480 --- [restartedMain] o.a.m.webapp.WebConfigParamsLogger       : No context init parameter 'facelets.BUFFER_SIZE' found.
2021-12-08 23:09:36.643  INFO 8480 --- [restartedMain] o.a.m.webapp.WebConfigParamsLogger       : No context init parameter 'facelets.REFRESH_PERIOD' found, using default value '-1'.
2021-12-08 23:09:36.644  INFO 8480 --- [restartedMain] o.a.m.webapp.WebConfigParamsLogger       : No context init parameter 'javax.faces.FACELETS_RESOURCE_RESOLVER' found.
2021-12-08 23:09:36.644  INFO 8480 --- [restartedMain] o.a.m.webapp.WebConfigParamsLogger       : No context init parameter 'facelets.RESOURCE_RESOLVER' found.
2021-12-08 23:09:36.645  INFO 8480 --- [restartedMain] o.a.m.webapp.WebConfigParamsLogger       : No context init parameter 'org.apache.myfaces.MARK_INITIAL_STATE_WHEN_APPLY_BUILD_VIEW' found, using default value 'false'.
2021-12-08 23:09:36.646  INFO 8480 --- [restartedMain] o.a.m.webapp.WebConfigParamsLogger       : No context init parameter 'facelets.DECORATORS' found.
2021-12-08 23:09:36.646  INFO 8480 --- [restartedMain] o.a.m.webapp.WebConfigParamsLogger       : No context init parameter 'facelets.SKIP_COMMENTS' found.
2021-12-08 23:09:36.647  INFO 8480 --- [restartedMain] o.a.m.webapp.WebConfigParamsLogger       : No context init parameter 'org.apache.myfaces.WRAP_TAG_EXCEPTIONS_AS_CONTEXT_AWARE' found, using default value 'true'.
2021-12-08 23:09:36.647  INFO 8480 --- [restartedMain] o.a.m.webapp.WebConfigParamsLogger       : No context init parameter 'org.apache.myfaces.CACHE_EL_EXPRESSIONS' found, using default value 'noCache'.
2021-12-08 23:09:36.648  INFO 8480 --- [restartedMain] o.a.m.webapp.WebConfigParamsLogger       : No context init parameter 'org.apache.myfaces.VIEW_POOL_MAX_POOL_SIZE' found, using default value '5'.
2021-12-08 23:09:36.649  INFO 8480 --- [restartedMain] o.a.m.webapp.WebConfigParamsLogger       : No context init parameter 'org.apache.myfaces.VIEW_POOL_MAX_DYNAMIC_PARTIAL_LIMIT' found, using default value '2'.
2021-12-08 23:09:36.650  INFO 8480 --- [restartedMain] o.a.m.webapp.WebConfigParamsLogger       : No context init parameter 'org.apache.myfaces.VIEW_POOL_ENTRY_MODE' found, using default value 'soft'.
2021-12-08 23:09:36.650  INFO 8480 --- [restartedMain] o.a.m.webapp.WebConfigParamsLogger       : No context init parameter 'org.apache.myfaces.VIEW_POOL_DEFERRED_NAVIGATION' found, using default value 'false'.
2021-12-08 23:09:36.651  INFO 8480 --- [restartedMain] o.a.m.webapp.WebConfigParamsLogger       : No context init parameter 'org.apache.myfaces.validator.BEAN_BEFORE_JSF_VALIDATION' found, using default value 'false'.
2021-12-08 23:09:36.653  INFO 8480 --- [restartedMain] o.a.m.webapp.WebConfigParamsLogger       : No context init parameter 'org.apache.myfaces.EXPRESSION_FACTORY' found.
2021-12-08 23:09:36.653  INFO 8480 --- [restartedMain] o.a.m.webapp.WebConfigParamsLogger       : No context init parameter 'org.apache.myfaces.INITIALIZE_ALWAYS_STANDALONE' found, using default value 'false'.
2021-12-08 23:09:36.654  INFO 8480 --- [restartedMain] o.a.m.webapp.WebConfigParamsLogger       : No context init parameter 'org.apache.myfaces.LOG_WEB_CONTEXT_PARAMS' found, using default value 'auto'.
2021-12-08 23:09:36.655  INFO 8480 --- [restartedMain] o.a.m.webapp.WebConfigParamsLogger       : No context init parameter 'org.apache.myfaces.FACES_INITIALIZER' found.
2021-12-08 23:09:36.655  INFO 8480 --- [restartedMain] o.a.m.webapp.WebConfigParamsLogger       : No context init parameter 'org.apache.myfaces.FACES_INIT_PLUGINS' found.
2021-12-08 23:09:36.657  INFO 8480 --- [restartedMain] o.a.myfaces.util.ExternalSpecifications  : MyFaces Unified EL support enabled
2021-12-08 23:09:36.665  INFO 8480 --- [restartedMain] o.a.m.view.facelets.ViewPoolProcessor    : org.apache.myfaces.CACHE_EL_EXPRESSIONS web config parameter is set to "noCache". To enable view pooling this param must be set to "alwaysRecompile". View Pooling disabled.
2021-12-08 23:09:36.691  INFO 8480 --- [restartedMain] o.a.m.w.StartupServletContextListener    : MyFaces Core has started, it took [1989] ms.
2021-12-08 23:09:36.699  INFO 8480 --- [restartedMain] unknown.jul.logger                       : RewriteFilter starting up...
2021-12-08 23:09:36.730  INFO 8480 --- [restartedMain] unknown.jul.logger                       : Loaded [3] org.ocpsoft.rewrite.servlet.spi.RewriteLifecycleListener [org.ocpsoft.rewrite.faces.FacesRewriteLifecycleListener<0>, org.ocpsoft.rewrite.servlet.impl.DefaultRewriteLifecycleListener<2147483647>, org.ocpsoft.rewrite.servlet.config.lifecycle.JoinRewriteLifecycleListener<2147483647>]
2021-12-08 23:09:36.731  INFO 8480 --- [restartedMain] unknown.jul.logger                       : Loaded [1] org.ocpsoft.rewrite.servlet.spi.RequestCycleWrapper [org.ocpsoft.rewrite.servlet.impl.HttpRewriteRequestCycleWrapper<0>]
2021-12-08 23:09:36.732  INFO 8480 --- [restartedMain] unknown.jul.logger                       : Loaded [1] org.ocpsoft.rewrite.spi.RewriteProvider [org.ocpsoft.rewrite.servlet.impl.DefaultHttpRewriteProvider<0>]
2021-12-08 23:09:36.732  INFO 8480 --- [restartedMain] unknown.jul.logger                       : Loaded [1] org.ocpsoft.rewrite.servlet.spi.RewriteResultHandler [org.ocpsoft.rewrite.servlet.impl.HttpRewriteResultHandler<0>]
2021-12-08 23:09:36.733  INFO 8480 --- [restartedMain] unknown.jul.logger                       : Loaded [1] org.ocpsoft.rewrite.servlet.spi.InboundRewriteProducer [org.ocpsoft.rewrite.servlet.impl.HttpInboundRewriteProducer<0>]
2021-12-08 23:09:36.734  INFO 8480 --- [restartedMain] unknown.jul.logger                       : Loaded [1] org.ocpsoft.rewrite.servlet.spi.OutboundRewriteProducer [org.ocpsoft.rewrite.servlet.impl.HttpOutboundRewriteProducer<0>]
2021-12-08 23:09:36.737  INFO 8480 --- [restartedMain] unknown.jul.logger                       : Loaded [0] org.ocpsoft.rewrite.servlet.spi.ContextListener []
2021-12-08 23:09:36.739  INFO 8480 --- [restartedMain] unknown.jul.logger                       : Loaded [0] org.ocpsoft.rewrite.servlet.spi.RequestListener []
2021-12-08 23:09:36.740  INFO 8480 --- [restartedMain] unknown.jul.logger                       : Loaded [0] org.ocpsoft.rewrite.servlet.spi.RequestParameterProvider []
2021-12-08 23:09:36.744  INFO 8480 --- [restartedMain] unknown.jul.logger                       : Loaded [1] org.ocpsoft.rewrite.el.spi.ExpressionLanguageProvider [org.ocpsoft.rewrite.faces.FacesExpressionLanguageProvider<30>]
2021-12-08 23:09:36.748  INFO 8480 --- [restartedMain] unknown.jul.logger                       : Loaded [1] org.ocpsoft.rewrite.spi.InvocationResultHandler [org.ocpsoft.rewrite.faces.NavigatingInvocationResultHandler<100>]
2021-12-08 23:09:36.750  INFO 8480 --- [restartedMain] unknown.jul.logger                       : Loaded [0] org.ocpsoft.common.spi.ServiceEnricher []
2021-12-08 23:09:36.754  INFO 8480 --- [restartedMain] unknown.jul.logger                       : Loaded [1] org.ocpsoft.rewrite.spi.ConfigurationCacheProvider [org.ocpsoft.rewrite.servlet.impl.ServletContextConfigurationCacheProvider<0>]
2021-12-08 23:09:36.760  INFO 8480 --- [restartedMain] unknown.jul.logger                       : Loaded [1] org.ocpsoft.rewrite.config.ConfigurationProvider [org.ocpsoft.rewrite.annotation.config.AnnotationConfigProvider<100>]
2021-12-08 23:09:36.765  INFO 8480 --- [restartedMain] unknown.jul.logger                       : Loaded [0] org.ocpsoft.rewrite.spi.RuleCacheProvider []
2021-12-08 23:09:36.849  INFO 8480 --- [restartedMain] unknown.jul.logger                       : Loaded [1] org.ocpsoft.rewrite.spi.GlobalParameterProvider [org.ocpsoft.rewrite.instance.WildcardParameterProvider<0>]
2021-12-08 23:09:36.906  INFO 8480 --- [restartedMain] unknown.jul.logger                       : Rewrite 3.4.1.Final initialized.
2021-12-08 23:09:37.143  INFO 8480 --- [restartedMain] o.hibernate.jpa.internal.util.LogHelper  : HHH000204: Processing PersistenceUnitInfo [name: default]
2021-12-08 23:09:37.288  INFO 8480 --- [restartedMain] org.hibernate.Version                    : HHH000412: Hibernate Core {5.4.8.Final}
2021-12-08 23:09:37.553  INFO 8480 --- [restartedMain] o.hibernate.annotations.common.Version   : HCANN000001: Hibernate Commons Annotations {5.1.0.Final}
2021-12-08 23:09:37.748  INFO 8480 --- [restartedMain] com.zaxxer.hikari.HikariDataSource       : HikariPool-1 - Starting...
2021-12-08 23:09:42.107 ERROR 8480 --- [restartedMain] com.zaxxer.hikari.pool.HikariPool        : HikariPool-1 - Exception during pool initialization.

com.mysql.cj.jdbc.exceptions.CommunicationsException: Communications link failure

The last packet sent successfully to the server was 0 milliseconds ago. The driver has not received any packets from the server.
	at com.mysql.cj.jdbc.exceptions.SQLError.createCommunicationsException(SQLError.java:174) ~[mysql-connector-java-8.0.18.jar:8.0.18]
	at com.mysql.cj.jdbc.exceptions.SQLExceptionsMapping.translateException(SQLExceptionsMapping.java:64) ~[mysql-connector-java-8.0.18.jar:8.0.18]
	at com.mysql.cj.jdbc.ConnectionImpl.createNewIO(ConnectionImpl.java:836) ~[mysql-connector-java-8.0.18.jar:8.0.18]
	at com.mysql.cj.jdbc.ConnectionImpl.<init>(ConnectionImpl.java:456) ~[mysql-connector-java-8.0.18.jar:8.0.18]
	at com.mysql.cj.jdbc.ConnectionImpl.getInstance(ConnectionImpl.java:246) ~[mysql-connector-java-8.0.18.jar:8.0.18]
	at com.mysql.cj.jdbc.NonRegisteringDriver.connect(NonRegisteringDriver.java:199) ~[mysql-connector-java-8.0.18.jar:8.0.18]
	at com.zaxxer.hikari.util.DriverDataSource.getConnection(DriverDataSource.java:138) ~[HikariCP-3.4.1.jar:na]
	at com.zaxxer.hikari.pool.PoolBase.newConnection(PoolBase.java:353) ~[HikariCP-3.4.1.jar:na]
	at com.zaxxer.hikari.pool.PoolBase.newPoolEntry(PoolBase.java:201) ~[HikariCP-3.4.1.jar:na]
	at com.zaxxer.hikari.pool.HikariPool.createPoolEntry(HikariPool.java:473) ~[HikariCP-3.4.1.jar:na]
	at com.zaxxer.hikari.pool.HikariPool.checkFailFast(HikariPool.java:562) ~[HikariCP-3.4.1.jar:na]
	at com.zaxxer.hikari.pool.HikariPool.<init>(HikariPool.java:115) ~[HikariCP-3.4.1.jar:na]
	at com.zaxxer.hikari.HikariDataSource.getConnection(HikariDataSource.java:112) ~[HikariCP-3.4.1.jar:na]
	at org.hibernate.engine.jdbc.connections.internal.DatasourceConnectionProviderImpl.getConnection(DatasourceConnectionProviderImpl.java:122) ~[hibernate-core-5.4.8.Final.jar:5.4.8.Final]
	at org.hibernate.engine.jdbc.env.internal.JdbcEnvironmentInitiator$ConnectionProviderJdbcConnectionAccess.obtainConnection(JdbcEnvironmentInitiator.java:180) ~[hibernate-core-5.4.8.Final.jar:5.4.8.Final]
	at org.hibernate.engine.jdbc.env.internal.JdbcEnvironmentInitiator.initiateService(JdbcEnvironmentInitiator.java:68) ~[hibernate-core-5.4.8.Final.jar:5.4.8.Final]
	at org.hibernate.engine.jdbc.env.internal.JdbcEnvironmentInitiator.initiateService(JdbcEnvironmentInitiator.java:35) ~[hibernate-core-5.4.8.Final.jar:5.4.8.Final]
	at org.hibernate.boot.registry.internal.StandardServiceRegistryImpl.initiateService(StandardServiceRegistryImpl.java:101) ~[hibernate-core-5.4.8.Final.jar:5.4.8.Final]
	at org.hibernate.service.internal.AbstractServiceRegistryImpl.createService(AbstractServiceRegistryImpl.java:263) ~[hibernate-core-5.4.8.Final.jar:5.4.8.Final]
	at org.hibernate.service.internal.AbstractServiceRegistryImpl.initializeService(AbstractServiceRegistryImpl.java:237) ~[hibernate-core-5.4.8.Final.jar:5.4.8.Final]
	at org.hibernate.service.internal.AbstractServiceRegistryImpl.getService(AbstractServiceRegistryImpl.java:214) ~[hibernate-core-5.4.8.Final.jar:5.4.8.Final]
	at org.hibernate.id.factory.internal.DefaultIdentifierGeneratorFactory.injectServices(DefaultIdentifierGeneratorFactory.java:152) ~[hibernate-core-5.4.8.Final.jar:5.4.8.Final]
	at org.hibernate.service.internal.AbstractServiceRegistryImpl.injectDependencies(AbstractServiceRegistryImpl.java:286) ~[hibernate-core-5.4.8.Final.jar:5.4.8.Final]
	at org.hibernate.service.internal.AbstractServiceRegistryImpl.initializeService(AbstractServiceRegistryImpl.java:243) ~[hibernate-core-5.4.8.Final.jar:5.4.8.Final]
	at org.hibernate.service.internal.AbstractServiceRegistryImpl.getService(AbstractServiceRegistryImpl.java:214) ~[hibernate-core-5.4.8.Final.jar:5.4.8.Final]
	at org.hibernate.boot.internal.InFlightMetadataCollectorImpl.<init>(InFlightMetadataCollectorImpl.java:175) ~[hibernate-core-5.4.8.Final.jar:5.4.8.Final]
	at org.hibernate.boot.model.process.spi.MetadataBuildingProcess.complete(MetadataBuildingProcess.java:118) ~[hibernate-core-5.4.8.Final.jar:5.4.8.Final]
	at org.hibernate.jpa.boot.internal.EntityManagerFactoryBuilderImpl.metadata(EntityManagerFactoryBuilderImpl.java:1214) ~[hibernate-core-5.4.8.Final.jar:5.4.8.Final]
	at org.hibernate.jpa.boot.internal.EntityManagerFactoryBuilderImpl.build(EntityManagerFactoryBuilderImpl.java:1245) ~[hibernate-core-5.4.8.Final.jar:5.4.8.Final]
	at org.springframework.orm.jpa.vendor.SpringHibernateJpaPersistenceProvider.createContainerEntityManagerFactory(SpringHibernateJpaPersistenceProvider.java:58) ~[spring-orm-5.2.1.RELEASE.jar:5.2.1.RELEASE]
	at org.springframework.orm.jpa.LocalContainerEntityManagerFactoryBean.createNativeEntityManagerFactory(LocalContainerEntityManagerFactoryBean.java:365) ~[spring-orm-5.2.1.RELEASE.jar:5.2.1.RELEASE]
	at org.springframework.orm.jpa.AbstractEntityManagerFactoryBean.buildNativeEntityManagerFactory(AbstractEntityManagerFactoryBean.java:391) ~[spring-orm-5.2.1.RELEASE.jar:5.2.1.RELEASE]
	at org.springframework.orm.jpa.AbstractEntityManagerFactoryBean.afterPropertiesSet(AbstractEntityManagerFactoryBean.java:378) ~[spring-orm-5.2.1.RELEASE.jar:5.2.1.RELEASE]
	at org.springframework.orm.jpa.LocalContainerEntityManagerFactoryBean.afterPropertiesSet(LocalContainerEntityManagerFactoryBean.java:341) ~[spring-orm-5.2.1.RELEASE.jar:5.2.1.RELEASE]
	at org.springframework.beans.factory.support.AbstractAutowireCapableBeanFactory.invokeInitMethods(AbstractAutowireCapableBeanFactory.java:1862) ~[spring-beans-5.2.1.RELEASE.jar:5.2.1.RELEASE]
	at org.springframework.beans.factory.support.AbstractAutowireCapableBeanFactory.initializeBean(AbstractAutowireCapableBeanFactory.java:1799) ~[spring-beans-5.2.1.RELEASE.jar:5.2.1.RELEASE]
	at org.springframework.beans.factory.support.AbstractAutowireCapableBeanFactory.doCreateBean(AbstractAutowireCapableBeanFactory.java:595) ~[spring-beans-5.2.1.RELEASE.jar:5.2.1.RELEASE]
	at org.springframework.beans.factory.support.AbstractAutowireCapableBeanFactory.createBean(AbstractAutowireCapableBeanFactory.java:517) ~[spring-beans-5.2.1.RELEASE.jar:5.2.1.RELEASE]
	at org.springframework.beans.factory.support.AbstractBeanFactory.lambda$doGetBean$0(AbstractBeanFactory.java:323) ~[spring-beans-5.2.1.RELEASE.jar:5.2.1.RELEASE]
	at org.springframework.beans.factory.support.DefaultSingletonBeanRegistry.getSingleton(DefaultSingletonBeanRegistry.java:222) ~[spring-beans-5.2.1.RELEASE.jar:5.2.1.RELEASE]
	at org.springframework.beans.factory.support.AbstractBeanFactory.doGetBean(AbstractBeanFactory.java:321) ~[spring-beans-5.2.1.RELEASE.jar:5.2.1.RELEASE]
	at org.springframework.beans.factory.support.AbstractBeanFactory.getBean(AbstractBeanFactory.java:202) ~[spring-beans-5.2.1.RELEASE.jar:5.2.1.RELEASE]
	at org.springframework.context.support.AbstractApplicationContext.getBean(AbstractApplicationContext.java:1108) ~[spring-context-5.2.1.RELEASE.jar:5.2.1.RELEASE]
	at org.springframework.context.support.AbstractApplicationContext.finishBeanFactoryInitialization(AbstractApplicationContext.java:868) ~[spring-context-5.2.1.RELEASE.jar:5.2.1.RELEASE]
	at org.springframework.context.support.AbstractApplicationContext.refresh(AbstractApplicationContext.java:550) ~[spring-context-5.2.1.RELEASE.jar:5.2.1.RELEASE]
	at org.springframework.boot.web.servlet.context.ServletWebServerApplicationContext.refresh(ServletWebServerApplicationContext.java:141) ~[spring-boot-2.2.1.RELEASE.jar:2.2.1.RELEASE]
	at org.springframework.boot.SpringApplication.refresh(SpringApplication.java:747) ~[spring-boot-2.2.1.RELEASE.jar:2.2.1.RELEASE]
	at org.springframework.boot.SpringApplication.refreshContext(SpringApplication.java:397) ~[spring-boot-2.2.1.RELEASE.jar:2.2.1.RELEASE]
	at org.springframework.boot.SpringApplication.run(SpringApplication.java:315) ~[spring-boot-2.2.1.RELEASE.jar:2.2.1.RELEASE]
	at org.springframework.boot.SpringApplication.run(SpringApplication.java:1226) ~[spring-boot-2.2.1.RELEASE.jar:2.2.1.RELEASE]
	at org.springframework.boot.SpringApplication.run(SpringApplication.java:1215) ~[spring-boot-2.2.1.RELEASE.jar:2.2.1.RELEASE]
	at com.esprit.spring.SpringProjectApplication.main(SpringProjectApplication.java:24) ~[classes/:na]
	at java.base/jdk.internal.reflect.NativeMethodAccessorImpl.invoke0(Native Method) ~[na:na]
	at java.base/jdk.internal.reflect.NativeMethodAccessorImpl.invoke(NativeMethodAccessorImpl.java:62) ~[na:na]
	at java.base/jdk.internal.reflect.DelegatingMethodAccessorImpl.invoke(DelegatingMethodAccessorImpl.java:43) ~[na:na]
	at java.base/java.lang.reflect.Method.invoke(Method.java:566) ~[na:na]
	at org.springframework.boot.devtools.restart.RestartLauncher.run(RestartLauncher.java:49) ~[spring-boot-devtools-2.2.1.RELEASE.jar:2.2.1.RELEASE]
Caused by: com.mysql.cj.exceptions.CJCommunicationsException: Communications link failure

The last packet sent successfully to the server was 0 milliseconds ago. The driver has not received any packets from the server.
	at java.base/jdk.internal.reflect.NativeConstructorAccessorImpl.newInstance0(Native Method) ~[na:na]
	at java.base/jdk.internal.reflect.NativeConstructorAccessorImpl.newInstance(NativeConstructorAccessorImpl.java:62) ~[na:na]
	at java.base/jdk.internal.reflect.DelegatingConstructorAccessorImpl.newInstance(DelegatingConstructorAccessorImpl.java:45) ~[na:na]
	at java.base/java.lang.reflect.Constructor.newInstance(Constructor.java:490) ~[na:na]
	at com.mysql.cj.exceptions.ExceptionFactory.createException(ExceptionFactory.java:61) ~[mysql-connector-java-8.0.18.jar:8.0.18]
	at com.mysql.cj.exceptions.ExceptionFactory.createException(ExceptionFactory.java:105) ~[mysql-connector-java-8.0.18.jar:8.0.18]
	at com.mysql.cj.exceptions.ExceptionFactory.createException(ExceptionFactory.java:151) ~[mysql-connector-java-8.0.18.jar:8.0.18]
	at com.mysql.cj.exceptions.ExceptionFactory.createCommunicationsException(ExceptionFactory.java:167) ~[mysql-connector-java-8.0.18.jar:8.0.18]
	at com.mysql.cj.protocol.a.NativeSocketConnection.connect(NativeSocketConnection.java:91) ~[mysql-connector-java-8.0.18.jar:8.0.18]
	at com.mysql.cj.NativeSession.connect(NativeSession.java:144) ~[mysql-connector-java-8.0.18.jar:8.0.18]
	at com.mysql.cj.jdbc.ConnectionImpl.connectOneTryOnly(ConnectionImpl.java:956) ~[mysql-connector-java-8.0.18.jar:8.0.18]
	at com.mysql.cj.jdbc.ConnectionImpl.createNewIO(ConnectionImpl.java:826) ~[mysql-connector-java-8.0.18.jar:8.0.18]
	... 54 common frames omitted
Caused by: java.net.ConnectException: Connection refused: connect
	at java.base/java.net.PlainSocketImpl.waitForConnect(Native Method) ~[na:na]
	at java.base/java.net.PlainSocketImpl.socketConnect(PlainSocketImpl.java:107) ~[na:na]
	at java.base/java.net.AbstractPlainSocketImpl.doConnect(AbstractPlainSocketImpl.java:399) ~[na:na]
	at java.base/java.net.AbstractPlainSocketImpl.connectToAddress(AbstractPlainSocketImpl.java:242) ~[na:na]
	at java.base/java.net.AbstractPlainSocketImpl.connect(AbstractPlainSocketImpl.java:224) ~[na:na]
	at java.base/java.net.SocksSocketImpl.connect(SocksSocketImpl.java:392) ~[na:na]
	at java.base/java.net.Socket.connect(Socket.java:609) ~[na:na]
	at com.mysql.cj.protocol.StandardSocketFactory.connect(StandardSocketFactory.java:155) ~[mysql-connector-java-8.0.18.jar:8.0.18]
	at com.mysql.cj.protocol.a.NativeSocketConnection.connect(NativeSocketConnection.java:65) ~[mysql-connector-java-8.0.18.jar:8.0.18]
	... 57 common frames omitted

2021-12-08 23:09:42.186  WARN 8480 --- [restartedMain] o.h.e.j.e.i.JdbcEnvironmentInitiator     : HHH000342: Could not obtain connection to query metadata : Communications link failure

The last packet sent successfully to the server was 0 milliseconds ago. The driver has not received any packets from the server.
2021-12-08 23:09:42.226  INFO 8480 --- [restartedMain] org.hibernate.dialect.Dialect            : HHH000400: Using dialect: org.hibernate.dialect.MySQL5Dialect
2021-12-08 23:09:43.905  INFO 8480 --- [restartedMain] com.zaxxer.hikari.HikariDataSource       : HikariPool-1 - Starting...
2021-12-08 23:09:48.032 ERROR 8480 --- [restartedMain] com.zaxxer.hikari.pool.HikariPool        : HikariPool-1 - Exception during pool initialization.

com.mysql.cj.jdbc.exceptions.CommunicationsException: Communications link failure

The last packet sent successfully to the server was 0 milliseconds ago. The driver has not received any packets from the server.
	at com.mysql.cj.jdbc.exceptions.SQLError.createCommunicationsException(SQLError.java:174) ~[mysql-connector-java-8.0.18.jar:8.0.18]
	at com.mysql.cj.jdbc.exceptions.SQLExceptionsMapping.translateException(SQLExceptionsMapping.java:64) ~[mysql-connector-java-8.0.18.jar:8.0.18]
	at com.mysql.cj.jdbc.ConnectionImpl.createNewIO(ConnectionImpl.java:836) ~[mysql-connector-java-8.0.18.jar:8.0.18]
	at com.mysql.cj.jdbc.ConnectionImpl.<init>(ConnectionImpl.java:456) ~[mysql-connector-java-8.0.18.jar:8.0.18]
	at com.mysql.cj.jdbc.ConnectionImpl.getInstance(ConnectionImpl.java:246) ~[mysql-connector-java-8.0.18.jar:8.0.18]
	at com.mysql.cj.jdbc.NonRegisteringDriver.connect(NonRegisteringDriver.java:199) ~[mysql-connector-java-8.0.18.jar:8.0.18]
	at com.zaxxer.hikari.util.DriverDataSource.getConnection(DriverDataSource.java:138) ~[HikariCP-3.4.1.jar:na]
	at com.zaxxer.hikari.pool.PoolBase.newConnection(PoolBase.java:353) ~[HikariCP-3.4.1.jar:na]
	at com.zaxxer.hikari.pool.PoolBase.newPoolEntry(PoolBase.java:201) ~[HikariCP-3.4.1.jar:na]
	at com.zaxxer.hikari.pool.HikariPool.createPoolEntry(HikariPool.java:473) ~[HikariCP-3.4.1.jar:na]
	at com.zaxxer.hikari.pool.HikariPool.checkFailFast(HikariPool.java:562) ~[HikariCP-3.4.1.jar:na]
	at com.zaxxer.hikari.pool.HikariPool.<init>(HikariPool.java:115) ~[HikariCP-3.4.1.jar:na]
	at com.zaxxer.hikari.HikariDataSource.getConnection(HikariDataSource.java:112) ~[HikariCP-3.4.1.jar:na]
	at org.hibernate.engine.jdbc.connections.internal.DatasourceConnectionProviderImpl.getConnection(DatasourceConnectionProviderImpl.java:122) ~[hibernate-core-5.4.8.Final.jar:5.4.8.Final]
	at org.hibernate.engine.jdbc.env.internal.JdbcEnvironmentInitiator$ConnectionProviderJdbcConnectionAccess.obtainConnection(JdbcEnvironmentInitiator.java:180) ~[hibernate-core-5.4.8.Final.jar:5.4.8.Final]
	at org.hibernate.resource.transaction.backend.jdbc.internal.DdlTransactionIsolatorNonJtaImpl.getIsolatedConnection(DdlTransactionIsolatorNonJtaImpl.java:43) ~[hibernate-core-5.4.8.Final.jar:5.4.8.Final]
	at org.hibernate.tool.schema.internal.exec.ImprovedExtractionContextImpl.getJdbcConnection(ImprovedExtractionContextImpl.java:60) ~[hibernate-core-5.4.8.Final.jar:5.4.8.Final]
	at org.hibernate.tool.schema.internal.exec.ImprovedExtractionContextImpl.getJdbcDatabaseMetaData(ImprovedExtractionContextImpl.java:67) ~[hibernate-core-5.4.8.Final.jar:5.4.8.Final]
	at org.hibernate.tool.schema.extract.internal.InformationExtractorJdbcDatabaseMetaDataImpl.getTables(InformationExtractorJdbcDatabaseMetaDataImpl.java:333) ~[hibernate-core-5.4.8.Final.jar:5.4.8.Final]
	at org.hibernate.tool.schema.extract.internal.DatabaseInformationImpl.getTablesInformation(DatabaseInformationImpl.java:120) ~[hibernate-core-5.4.8.Final.jar:5.4.8.Final]
	at org.hibernate.tool.schema.internal.GroupedSchemaMigratorImpl.performTablesMigration(GroupedSchemaMigratorImpl.java:65) ~[hibernate-core-5.4.8.Final.jar:5.4.8.Final]
	at org.hibernate.tool.schema.internal.AbstractSchemaMigrator.performMigration(AbstractSchemaMigrator.java:207) ~[hibernate-core-5.4.8.Final.jar:5.4.8.Final]
	at org.hibernate.tool.schema.internal.AbstractSchemaMigrator.doMigration(AbstractSchemaMigrator.java:114) ~[hibernate-core-5.4.8.Final.jar:5.4.8.Final]
	at org.hibernate.tool.schema.spi.SchemaManagementToolCoordinator.performDatabaseAction(SchemaManagementToolCoordinator.java:184) ~[hibernate-core-5.4.8.Final.jar:5.4.8.Final]
	at org.hibernate.tool.schema.spi.SchemaManagementToolCoordinator.process(SchemaManagementToolCoordinator.java:73) ~[hibernate-core-5.4.8.Final.jar:5.4.8.Final]
	at org.hibernate.internal.SessionFactoryImpl.<init>(SessionFactoryImpl.java:320) ~[hibernate-core-5.4.8.Final.jar:5.4.8.Final]
	at org.hibernate.boot.internal.SessionFactoryBuilderImpl.build(SessionFactoryBuilderImpl.java:462) ~[hibernate-core-5.4.8.Final.jar:5.4.8.Final]
	at org.hibernate.jpa.boot.internal.EntityManagerFactoryBuilderImpl.build(EntityManagerFactoryBuilderImpl.java:1249) ~[hibernate-core-5.4.8.Final.jar:5.4.8.Final]
	at org.springframework.orm.jpa.vendor.SpringHibernateJpaPersistenceProvider.createContainerEntityManagerFactory(SpringHibernateJpaPersistenceProvider.java:58) ~[spring-orm-5.2.1.RELEASE.jar:5.2.1.RELEASE]
	at org.springframework.orm.jpa.LocalContainerEntityManagerFactoryBean.createNativeEntityManagerFactory(LocalContainerEntityManagerFactoryBean.java:365) ~[spring-orm-5.2.1.RELEASE.jar:5.2.1.RELEASE]
	at org.springframework.orm.jpa.AbstractEntityManagerFactoryBean.buildNativeEntityManagerFactory(AbstractEntityManagerFactoryBean.java:391) ~[spring-orm-5.2.1.RELEASE.jar:5.2.1.RELEASE]
	at org.springframework.orm.jpa.AbstractEntityManagerFactoryBean.afterPropertiesSet(AbstractEntityManagerFactoryBean.java:378) ~[spring-orm-5.2.1.RELEASE.jar:5.2.1.RELEASE]
	at org.springframework.orm.jpa.LocalContainerEntityManagerFactoryBean.afterPropertiesSet(LocalContainerEntityManagerFactoryBean.java:341) ~[spring-orm-5.2.1.RELEASE.jar:5.2.1.RELEASE]
	at org.springframework.beans.factory.support.AbstractAutowireCapableBeanFactory.invokeInitMethods(AbstractAutowireCapableBeanFactory.java:1862) ~[spring-beans-5.2.1.RELEASE.jar:5.2.1.RELEASE]
	at org.springframework.beans.factory.support.AbstractAutowireCapableBeanFactory.initializeBean(AbstractAutowireCapableBeanFactory.java:1799) ~[spring-beans-5.2.1.RELEASE.jar:5.2.1.RELEASE]
	at org.springframework.beans.factory.support.AbstractAutowireCapableBeanFactory.doCreateBean(AbstractAutowireCapableBeanFactory.java:595) ~[spring-beans-5.2.1.RELEASE.jar:5.2.1.RELEASE]
	at org.springframework.beans.factory.support.AbstractAutowireCapableBeanFactory.createBean(AbstractAutowireCapableBeanFactory.java:517) ~[spring-beans-5.2.1.RELEASE.jar:5.2.1.RELEASE]
	at org.springframework.beans.factory.support.AbstractBeanFactory.lambda$doGetBean$0(AbstractBeanFactory.java:323) ~[spring-beans-5.2.1.RELEASE.jar:5.2.1.RELEASE]
	at org.springframework.beans.factory.support.DefaultSingletonBeanRegistry.getSingleton(DefaultSingletonBeanRegistry.java:222) ~[spring-beans-5.2.1.RELEASE.jar:5.2.1.RELEASE]
	at org.springframework.beans.factory.support.AbstractBeanFactory.doGetBean(AbstractBeanFactory.java:321) ~[spring-beans-5.2.1.RELEASE.jar:5.2.1.RELEASE]
	at org.springframework.beans.factory.support.AbstractBeanFactory.getBean(AbstractBeanFactory.java:202) ~[spring-beans-5.2.1.RELEASE.jar:5.2.1.RELEASE]
	at org.springframework.context.support.AbstractApplicationContext.getBean(AbstractApplicationContext.java:1108) ~[spring-context-5.2.1.RELEASE.jar:5.2.1.RELEASE]
	at org.springframework.context.support.AbstractApplicationContext.finishBeanFactoryInitialization(AbstractApplicationContext.java:868) ~[spring-context-5.2.1.RELEASE.jar:5.2.1.RELEASE]
	at org.springframework.context.support.AbstractApplicationContext.refresh(AbstractApplicationContext.java:550) ~[spring-context-5.2.1.RELEASE.jar:5.2.1.RELEASE]
	at org.springframework.boot.web.servlet.context.ServletWebServerApplicationContext.refresh(ServletWebServerApplicationContext.java:141) ~[spring-boot-2.2.1.RELEASE.jar:2.2.1.RELEASE]
	at org.springframework.boot.SpringApplication.refresh(SpringApplication.java:747) ~[spring-boot-2.2.1.RELEASE.jar:2.2.1.RELEASE]
	at org.springframework.boot.SpringApplication.refreshContext(SpringApplication.java:397) ~[spring-boot-2.2.1.RELEASE.jar:2.2.1.RELEASE]
	at org.springframework.boot.SpringApplication.run(SpringApplication.java:315) ~[spring-boot-2.2.1.RELEASE.jar:2.2.1.RELEASE]
	at org.springframework.boot.SpringApplication.run(SpringApplication.java:1226) ~[spring-boot-2.2.1.RELEASE.jar:2.2.1.RELEASE]
	at org.springframework.boot.SpringApplication.run(SpringApplication.java:1215) ~[spring-boot-2.2.1.RELEASE.jar:2.2.1.RELEASE]
	at com.esprit.spring.SpringProjectApplication.main(SpringProjectApplication.java:24) ~[classes/:na]
	at java.base/jdk.internal.reflect.NativeMethodAccessorImpl.invoke0(Native Method) ~[na:na]
	at java.base/jdk.internal.reflect.NativeMethodAccessorImpl.invoke(NativeMethodAccessorImpl.java:62) ~[na:na]
	at java.base/jdk.internal.reflect.DelegatingMethodAccessorImpl.invoke(DelegatingMethodAccessorImpl.java:43) ~[na:na]
	at java.base/java.lang.reflect.Method.invoke(Method.java:566) ~[na:na]
	at org.springframework.boot.devtools.restart.RestartLauncher.run(RestartLauncher.java:49) ~[spring-boot-devtools-2.2.1.RELEASE.jar:2.2.1.RELEASE]
Caused by: com.mysql.cj.exceptions.CJCommunicationsException: Communications link failure

The last packet sent successfully to the server was 0 milliseconds ago. The driver has not received any packets from the server.
	at java.base/jdk.internal.reflect.NativeConstructorAccessorImpl.newInstance0(Native Method) ~[na:na]
	at java.base/jdk.internal.reflect.NativeConstructorAccessorImpl.newInstance(NativeConstructorAccessorImpl.java:62) ~[na:na]
	at java.base/jdk.internal.reflect.DelegatingConstructorAccessorImpl.newInstance(DelegatingConstructorAccessorImpl.java:45) ~[na:na]
	at java.base/java.lang.reflect.Constructor.newInstance(Constructor.java:490) ~[na:na]
	at com.mysql.cj.exceptions.ExceptionFactory.createException(ExceptionFactory.java:61) ~[mysql-connector-java-8.0.18.jar:8.0.18]
	at com.mysql.cj.exceptions.ExceptionFactory.createException(ExceptionFactory.java:105) ~[mysql-connector-java-8.0.18.jar:8.0.18]
	at com.mysql.cj.exceptions.ExceptionFactory.createException(ExceptionFactory.java:151) ~[mysql-connector-java-8.0.18.jar:8.0.18]
	at com.mysql.cj.exceptions.ExceptionFactory.createCommunicationsException(ExceptionFactory.java:167) ~[mysql-connector-java-8.0.18.jar:8.0.18]
	at com.mysql.cj.protocol.a.NativeSocketConnection.connect(NativeSocketConnection.java:91) ~[mysql-connector-java-8.0.18.jar:8.0.18]
	at com.mysql.cj.NativeSession.connect(NativeSession.java:144) ~[mysql-connector-java-8.0.18.jar:8.0.18]
	at com.mysql.cj.jdbc.ConnectionImpl.connectOneTryOnly(ConnectionImpl.java:956) ~[mysql-connector-java-8.0.18.jar:8.0.18]
	at com.mysql.cj.jdbc.ConnectionImpl.createNewIO(ConnectionImpl.java:826) ~[mysql-connector-java-8.0.18.jar:8.0.18]
	... 53 common frames omitted
Caused by: java.net.ConnectException: Connection refused: connect
	at java.base/java.net.PlainSocketImpl.waitForConnect(Native Method) ~[na:na]
	at java.base/java.net.PlainSocketImpl.socketConnect(PlainSocketImpl.java:107) ~[na:na]
	at java.base/java.net.AbstractPlainSocketImpl.doConnect(AbstractPlainSocketImpl.java:399) ~[na:na]
	at java.base/java.net.AbstractPlainSocketImpl.connectToAddress(AbstractPlainSocketImpl.java:242) ~[na:na]
	at java.base/java.net.AbstractPlainSocketImpl.connect(AbstractPlainSocketImpl.java:224) ~[na:na]
	at java.base/java.net.SocksSocketImpl.connect(SocksSocketImpl.java:392) ~[na:na]
	at java.base/java.net.Socket.connect(Socket.java:609) ~[na:na]
	at com.mysql.cj.protocol.StandardSocketFactory.connect(StandardSocketFactory.java:155) ~[mysql-connector-java-8.0.18.jar:8.0.18]
	at com.mysql.cj.protocol.a.NativeSocketConnection.connect(NativeSocketConnection.java:65) ~[mysql-connector-java-8.0.18.jar:8.0.18]
	... 56 common frames omitted

2021-12-08 23:09:48.064  WARN 8480 --- [restartedMain] o.h.engine.jdbc.spi.SqlExceptionHelper   : SQL Error: 0, SQLState: 08S01
2021-12-08 23:09:48.065 ERROR 8480 --- [restartedMain] o.h.engine.jdbc.spi.SqlExceptionHelper   : Communications link failure

The last packet sent successfully to the server was 0 milliseconds ago. The driver has not received any packets from the server.
2021-12-08 23:09:48.082  WARN 8480 --- [restartedMain] ConfigServletWebServerApplicationContext : Exception encountered during context initialization - cancelling refresh attempt: org.springframework.beans.factory.BeanCreationException: Error creating bean with name 'entityManagerFactory' defined in class path resource [org/springframework/boot/autoconfigure/orm/jpa/HibernateJpaConfiguration.class]: Invocation of init method failed; nested exception is javax.persistence.PersistenceException: [PersistenceUnit: default] Unable to build Hibernate SessionFactory; nested exception is org.hibernate.exception.JDBCConnectionException: Unable to open JDBC Connection for DDL execution
2021-12-08 23:09:48.095  INFO 8480 --- [restartedMain] o.apache.catalina.core.StandardService   : Stopping service [Tomcat]
2021-12-08 23:09:48.100  INFO 8480 --- [restartedMain] unknown.jul.logger                       : RewriteFilter shutting down...
2021-12-08 23:09:48.101  INFO 8480 --- [restartedMain] unknown.jul.logger                       : RewriteFilter deactivated.
2021-12-08 23:09:48.153  INFO 8480 --- [restartedMain] ConditionEvaluationReportLoggingListener : 

Error starting ApplicationContext. To display the conditions report re-run your application with 'debug' enabled.
2021-12-08 23:09:48.165 ERROR 8480 --- [restartedMain] o.s.boot.SpringApplication               : Application run failed

org.springframework.beans.factory.BeanCreationException: Error creating bean with name 'entityManagerFactory' defined in class path resource [org/springframework/boot/autoconfigure/orm/jpa/HibernateJpaConfiguration.class]: Invocation of init method failed; nested exception is javax.persistence.PersistenceException: [PersistenceUnit: default] Unable to build Hibernate SessionFactory; nested exception is org.hibernate.exception.JDBCConnectionException: Unable to open JDBC Connection for DDL execution
	at org.springframework.beans.factory.support.AbstractAutowireCapableBeanFactory.initializeBean(AbstractAutowireCapableBeanFactory.java:1803) ~[spring-beans-5.2.1.RELEASE.jar:5.2.1.RELEASE]
	at org.springframework.beans.factory.support.AbstractAutowireCapableBeanFactory.doCreateBean(AbstractAutowireCapableBeanFactory.java:595) ~[spring-beans-5.2.1.RELEASE.jar:5.2.1.RELEASE]
	at org.springframework.beans.factory.support.AbstractAutowireCapableBeanFactory.createBean(AbstractAutowireCapableBeanFactory.java:517) ~[spring-beans-5.2.1.RELEASE.jar:5.2.1.RELEASE]
	at org.springframework.beans.factory.support.AbstractBeanFactory.lambda$doGetBean$0(AbstractBeanFactory.java:323) ~[spring-beans-5.2.1.RELEASE.jar:5.2.1.RELEASE]
	at org.springframework.beans.factory.support.DefaultSingletonBeanRegistry.getSingleton(DefaultSingletonBeanRegistry.java:222) ~[spring-beans-5.2.1.RELEASE.jar:5.2.1.RELEASE]
	at org.springframework.beans.factory.support.AbstractBeanFactory.doGetBean(AbstractBeanFactory.java:321) ~[spring-beans-5.2.1.RELEASE.jar:5.2.1.RELEASE]
	at org.springframework.beans.factory.support.AbstractBeanFactory.getBean(AbstractBeanFactory.java:202) ~[spring-beans-5.2.1.RELEASE.jar:5.2.1.RELEASE]
	at org.springframework.context.support.AbstractApplicationContext.getBean(AbstractApplicationContext.java:1108) ~[spring-context-5.2.1.RELEASE.jar:5.2.1.RELEASE]
	at org.springframework.context.support.AbstractApplicationContext.finishBeanFactoryInitialization(AbstractApplicationContext.java:868) ~[spring-context-5.2.1.RELEASE.jar:5.2.1.RELEASE]
	at org.springframework.context.support.AbstractApplicationContext.refresh(AbstractApplicationContext.java:550) ~[spring-context-5.2.1.RELEASE.jar:5.2.1.RELEASE]
	at org.springframework.boot.web.servlet.context.ServletWebServerApplicationContext.refresh(ServletWebServerApplicationContext.java:141) ~[spring-boot-2.2.1.RELEASE.jar:2.2.1.RELEASE]
	at org.springframework.boot.SpringApplication.refresh(SpringApplication.java:747) ~[spring-boot-2.2.1.RELEASE.jar:2.2.1.RELEASE]
	at org.springframework.boot.SpringApplication.refreshContext(SpringApplication.java:397) ~[spring-boot-2.2.1.RELEASE.jar:2.2.1.RELEASE]
	at org.springframework.boot.SpringApplication.run(SpringApplication.java:315) ~[spring-boot-2.2.1.RELEASE.jar:2.2.1.RELEASE]
	at org.springframework.boot.SpringApplication.run(SpringApplication.java:1226) ~[spring-boot-2.2.1.RELEASE.jar:2.2.1.RELEASE]
	at org.springframework.boot.SpringApplication.run(SpringApplication.java:1215) ~[spring-boot-2.2.1.RELEASE.jar:2.2.1.RELEASE]
	at com.esprit.spring.SpringProjectApplication.main(SpringProjectApplication.java:24) ~[classes/:na]
	at java.base/jdk.internal.reflect.NativeMethodAccessorImpl.invoke0(Native Method) ~[na:na]
	at java.base/jdk.internal.reflect.NativeMethodAccessorImpl.invoke(NativeMethodAccessorImpl.java:62) ~[na:na]
	at java.base/jdk.internal.reflect.DelegatingMethodAccessorImpl.invoke(DelegatingMethodAccessorImpl.java:43) ~[na:na]
	at java.base/java.lang.reflect.Method.invoke(Method.java:566) ~[na:na]
	at org.springframework.boot.devtools.restart.RestartLauncher.run(RestartLauncher.java:49) ~[spring-boot-devtools-2.2.1.RELEASE.jar:2.2.1.RELEASE]
Caused by: javax.persistence.PersistenceException: [PersistenceUnit: default] Unable to build Hibernate SessionFactory; nested exception is org.hibernate.exception.JDBCConnectionException: Unable to open JDBC Connection for DDL execution
	at org.springframework.orm.jpa.AbstractEntityManagerFactoryBean.buildNativeEntityManagerFactory(AbstractEntityManagerFactoryBean.java:403) ~[spring-orm-5.2.1.RELEASE.jar:5.2.1.RELEASE]
	at org.springframework.orm.jpa.AbstractEntityManagerFactoryBean.afterPropertiesSet(AbstractEntityManagerFactoryBean.java:378) ~[spring-orm-5.2.1.RELEASE.jar:5.2.1.RELEASE]
	at org.springframework.orm.jpa.LocalContainerEntityManagerFactoryBean.afterPropertiesSet(LocalContainerEntityManagerFactoryBean.java:341) ~[spring-orm-5.2.1.RELEASE.jar:5.2.1.RELEASE]
	at org.springframework.beans.factory.support.AbstractAutowireCapableBeanFactory.invokeInitMethods(AbstractAutowireCapableBeanFactory.java:1862) ~[spring-beans-5.2.1.RELEASE.jar:5.2.1.RELEASE]
	at org.springframework.beans.factory.support.AbstractAutowireCapableBeanFactory.initializeBean(AbstractAutowireCapableBeanFactory.java:1799) ~[spring-beans-5.2.1.RELEASE.jar:5.2.1.RELEASE]
	... 21 common frames omitted
Caused by: org.hibernate.exception.JDBCConnectionException: Unable to open JDBC Connection for DDL execution
	at org.hibernate.exception.internal.SQLStateConversionDelegate.convert(SQLStateConversionDelegate.java:112) ~[hibernate-core-5.4.8.Final.jar:5.4.8.Final]
	at org.hibernate.exception.internal.StandardSQLExceptionConverter.convert(StandardSQLExceptionConverter.java:42) ~[hibernate-core-5.4.8.Final.jar:5.4.8.Final]
	at org.hibernate.engine.jdbc.spi.SqlExceptionHelper.convert(SqlExceptionHelper.java:113) ~[hibernate-core-5.4.8.Final.jar:5.4.8.Final]
	at org.hibernate.engine.jdbc.spi.SqlExceptionHelper.convert(SqlExceptionHelper.java:99) ~[hibernate-core-5.4.8.Final.jar:5.4.8.Final]
	at org.hibernate.resource.transaction.backend.jdbc.internal.DdlTransactionIsolatorNonJtaImpl.getIsolatedConnection(DdlTransactionIsolatorNonJtaImpl.java:69) ~[hibernate-core-5.4.8.Final.jar:5.4.8.Final]
	at org.hibernate.tool.schema.internal.exec.ImprovedExtractionContextImpl.getJdbcConnection(ImprovedExtractionContextImpl.java:60) ~[hibernate-core-5.4.8.Final.jar:5.4.8.Final]
	at org.hibernate.tool.schema.internal.exec.ImprovedExtractionContextImpl.getJdbcDatabaseMetaData(ImprovedExtractionContextImpl.java:67) ~[hibernate-core-5.4.8.Final.jar:5.4.8.Final]
	at org.hibernate.tool.schema.extract.internal.InformationExtractorJdbcDatabaseMetaDataImpl.getTables(InformationExtractorJdbcDatabaseMetaDataImpl.java:333) ~[hibernate-core-5.4.8.Final.jar:5.4.8.Final]
	at org.hibernate.tool.schema.extract.internal.DatabaseInformationImpl.getTablesInformation(DatabaseInformationImpl.java:120) ~[hibernate-core-5.4.8.Final.jar:5.4.8.Final]
	at org.hibernate.tool.schema.internal.GroupedSchemaMigratorImpl.performTablesMigration(GroupedSchemaMigratorImpl.java:65) ~[hibernate-core-5.4.8.Final.jar:5.4.8.Final]
	at org.hibernate.tool.schema.internal.AbstractSchemaMigrator.performMigration(AbstractSchemaMigrator.java:207) ~[hibernate-core-5.4.8.Final.jar:5.4.8.Final]
	at org.hibernate.tool.schema.internal.AbstractSchemaMigrator.doMigration(AbstractSchemaMigrator.java:114) ~[hibernate-core-5.4.8.Final.jar:5.4.8.Final]
	at org.hibernate.tool.schema.spi.SchemaManagementToolCoordinator.performDatabaseAction(SchemaManagementToolCoordinator.java:184) ~[hibernate-core-5.4.8.Final.jar:5.4.8.Final]
	at org.hibernate.tool.schema.spi.SchemaManagementToolCoordinator.process(SchemaManagementToolCoordinator.java:73) ~[hibernate-core-5.4.8.Final.jar:5.4.8.Final]
	at org.hibernate.internal.SessionFactoryImpl.<init>(SessionFactoryImpl.java:320) ~[hibernate-core-5.4.8.Final.jar:5.4.8.Final]
	at org.hibernate.boot.internal.SessionFactoryBuilderImpl.build(SessionFactoryBuilderImpl.java:462) ~[hibernate-core-5.4.8.Final.jar:5.4.8.Final]
	at org.hibernate.jpa.boot.internal.EntityManagerFactoryBuilderImpl.build(EntityManagerFactoryBuilderImpl.java:1249) ~[hibernate-core-5.4.8.Final.jar:5.4.8.Final]
	at org.springframework.orm.jpa.vendor.SpringHibernateJpaPersistenceProvider.createContainerEntityManagerFactory(SpringHibernateJpaPersistenceProvider.java:58) ~[spring-orm-5.2.1.RELEASE.jar:5.2.1.RELEASE]
	at org.springframework.orm.jpa.LocalContainerEntityManagerFactoryBean.createNativeEntityManagerFactory(LocalContainerEntityManagerFactoryBean.java:365) ~[spring-orm-5.2.1.RELEASE.jar:5.2.1.RELEASE]
	at org.springframework.orm.jpa.AbstractEntityManagerFactoryBean.buildNativeEntityManagerFactory(AbstractEntityManagerFactoryBean.java:391) ~[spring-orm-5.2.1.RELEASE.jar:5.2.1.RELEASE]
	... 25 common frames omitted
Caused by: com.mysql.cj.jdbc.exceptions.CommunicationsException: Communications link failure

The last packet sent successfully to the server was 0 milliseconds ago. The driver has not received any packets from the server.
	at com.mysql.cj.jdbc.exceptions.SQLError.createCommunicationsException(SQLError.java:174) ~[mysql-connector-java-8.0.18.jar:8.0.18]
	at com.mysql.cj.jdbc.exceptions.SQLExceptionsMapping.translateException(SQLExceptionsMapping.java:64) ~[mysql-connector-java-8.0.18.jar:8.0.18]
	at com.mysql.cj.jdbc.ConnectionImpl.createNewIO(ConnectionImpl.java:836) ~[mysql-connector-java-8.0.18.jar:8.0.18]
	at com.mysql.cj.jdbc.ConnectionImpl.<init>(ConnectionImpl.java:456) ~[mysql-connector-java-8.0.18.jar:8.0.18]
	at com.mysql.cj.jdbc.ConnectionImpl.getInstance(ConnectionImpl.java:246) ~[mysql-connector-java-8.0.18.jar:8.0.18]
	at com.mysql.cj.jdbc.NonRegisteringDriver.connect(NonRegisteringDriver.java:199) ~[mysql-connector-java-8.0.18.jar:8.0.18]
	at com.zaxxer.hikari.util.DriverDataSource.getConnection(DriverDataSource.java:138) ~[HikariCP-3.4.1.jar:na]
	at com.zaxxer.hikari.pool.PoolBase.newConnection(PoolBase.java:353) ~[HikariCP-3.4.1.jar:na]
	at com.zaxxer.hikari.pool.PoolBase.newPoolEntry(PoolBase.java:201) ~[HikariCP-3.4.1.jar:na]
	at com.zaxxer.hikari.pool.HikariPool.createPoolEntry(HikariPool.java:473) ~[HikariCP-3.4.1.jar:na]
	at com.zaxxer.hikari.pool.HikariPool.checkFailFast(HikariPool.java:562) ~[HikariCP-3.4.1.jar:na]
	at com.zaxxer.hikari.pool.HikariPool.<init>(HikariPool.java:115) ~[HikariCP-3.4.1.jar:na]
	at com.zaxxer.hikari.HikariDataSource.getConnection(HikariDataSource.java:112) ~[HikariCP-3.4.1.jar:na]
	at org.hibernate.engine.jdbc.connections.internal.DatasourceConnectionProviderImpl.getConnection(DatasourceConnectionProviderImpl.java:122) ~[hibernate-core-5.4.8.Final.jar:5.4.8.Final]
	at org.hibernate.engine.jdbc.env.internal.JdbcEnvironmentInitiator$ConnectionProviderJdbcConnectionAccess.obtainConnection(JdbcEnvironmentInitiator.java:180) ~[hibernate-core-5.4.8.Final.jar:5.4.8.Final]
	at org.hibernate.resource.transaction.backend.jdbc.internal.DdlTransactionIsolatorNonJtaImpl.getIsolatedConnection(DdlTransactionIsolatorNonJtaImpl.java:43) ~[hibernate-core-5.4.8.Final.jar:5.4.8.Final]
	... 40 common frames omitted
Caused by: com.mysql.cj.exceptions.CJCommunicationsException: Communications link failure

The last packet sent successfully to the server was 0 milliseconds ago. The driver has not received any packets from the server.
	at java.base/jdk.internal.reflect.NativeConstructorAccessorImpl.newInstance0(Native Method) ~[na:na]
	at java.base/jdk.internal.reflect.NativeConstructorAccessorImpl.newInstance(NativeConstructorAccessorImpl.java:62) ~[na:na]
	at java.base/jdk.internal.reflect.DelegatingConstructorAccessorImpl.newInstance(DelegatingConstructorAccessorImpl.java:45) ~[na:na]
	at java.base/java.lang.reflect.Constructor.newInstance(Constructor.java:490) ~[na:na]
	at com.mysql.cj.exceptions.ExceptionFactory.createException(ExceptionFactory.java:61) ~[mysql-connector-java-8.0.18.jar:8.0.18]
	at com.mysql.cj.exceptions.ExceptionFactory.createException(ExceptionFactory.java:105) ~[mysql-connector-java-8.0.18.jar:8.0.18]
	at com.mysql.cj.exceptions.ExceptionFactory.createException(ExceptionFactory.java:151) ~[mysql-connector-java-8.0.18.jar:8.0.18]
	at com.mysql.cj.exceptions.ExceptionFactory.createCommunicationsException(ExceptionFactory.java:167) ~[mysql-connector-java-8.0.18.jar:8.0.18]
	at com.mysql.cj.protocol.a.NativeSocketConnection.connect(NativeSocketConnection.java:91) ~[mysql-connector-java-8.0.18.jar:8.0.18]
	at com.mysql.cj.NativeSession.connect(NativeSession.java:144) ~[mysql-connector-java-8.0.18.jar:8.0.18]
	at com.mysql.cj.jdbc.ConnectionImpl.connectOneTryOnly(ConnectionImpl.java:956) ~[mysql-connector-java-8.0.18.jar:8.0.18]
	at com.mysql.cj.jdbc.ConnectionImpl.createNewIO(ConnectionImpl.java:826) ~[mysql-connector-java-8.0.18.jar:8.0.18]
	... 53 common frames omitted
Caused by: java.net.ConnectException: Connection refused: connect
	at java.base/java.net.PlainSocketImpl.waitForConnect(Native Method) ~[na:na]
	at java.base/java.net.PlainSocketImpl.socketConnect(PlainSocketImpl.java:107) ~[na:na]
	at java.base/java.net.AbstractPlainSocketImpl.doConnect(AbstractPlainSocketImpl.java:399) ~[na:na]
	at java.base/java.net.AbstractPlainSocketImpl.connectToAddress(AbstractPlainSocketImpl.java:242) ~[na:na]
	at java.base/java.net.AbstractPlainSocketImpl.connect(AbstractPlainSocketImpl.java:224) ~[na:na]
	at java.base/java.net.SocksSocketImpl.connect(SocksSocketImpl.java:392) ~[na:na]
	at java.base/java.net.Socket.connect(Socket.java:609) ~[na:na]
	at com.mysql.cj.protocol.StandardSocketFactory.connect(StandardSocketFactory.java:155) ~[mysql-connector-java-8.0.18.jar:8.0.18]
	at com.mysql.cj.protocol.a.NativeSocketConnection.connect(NativeSocketConnection.java:65) ~[mysql-connector-java-8.0.18.jar:8.0.18]
	... 56 common frames omitted

